<?xml version="1.0" encoding="UTF-8"?>
<!-- Generated by org.testng.reporters.JUnitReportReporter -->
<testsuite hostname="GBP-LT56" failures="0" tests="1" name="testNG.Random" time="27.936" errors="0" timestamp="2024-04-04T18:05:47 IST" skipped="0">
  <testcase classname="testNG.Random" name="Dynamic_Dropdown" time="27.936"/>
  <system-out/>
</testsuite> <!-- testNG.Random -->
