<?xml version="1.0" encoding="UTF-8"?>
<!-- Generated by org.testng.reporters.JUnitReportReporter -->
<testsuite hostname="GBP-LT56" failures="0" tests="5" name="testNG.Bannerbuzz" time="125.436" errors="0" timestamp="2024-03-26T10:21:05 IST" skipped="1">
  <testcase classname="testNG.Bannerbuzz" name="MetaDescription" time="9.878"/>
  <system-out/>
  <testcase classname="testNG.Bannerbuzz" name="ChromeBrowser" time="37.281"/>
  <system-out/>
  <testcase classname="testNG.Bannerbuzz" name="screenshotlogo" time="21.975"/>
  <system-out/>
  <testcase classname="testNG.Bannerbuzz" name="dropdown" time="56.302"/>
  <system-out/>
  <testcase classname="testNG.Bannerbuzz" name="Edge_Browser">
    <skipped/>
  </testcase> <!-- Edge_Browser -->
  <system-out/>
</testsuite> <!-- testNG.Bannerbuzz -->
