<?xml version="1.0" encoding="UTF-8"?>
<!-- Generated by org.testng.reporters.JUnitReportReporter -->
<testsuite hostname="GBP-LT56" failures="0" tests="1" name="testNG.Wednesday" time="0.001" errors="0" timestamp="2024-02-13T14:48:52 IST" skipped="0">
  <testcase classname="testNG.Wednesday" name="Day6" time="0.001"/>
  <system-out/>
</testsuite> <!-- testNG.Wednesday -->
