<?xml version="1.0" encoding="UTF-8"?>
<!-- Generated by org.testng.reporters.JUnitReportReporter -->
<testsuite hostname="GBP-LT56" failures="0" tests="7" name="testNG.Thursday" time="0.015" errors="0" timestamp="2024-03-13T17:57:39 IST" skipped="1">
  <testcase classname="testNG.Thursday" name="Tuesday" time="0.001"/>
  <system-out/>
  <testcase classname="testNG.Thursday" name="Day6" time="0.010"/>
  <system-out/>
  <testcase classname="testNG.Thursday" name="Saturday" time="0.001"/>
  <system-out/>
  <testcase classname="testNG.Thursday" name="Sunday" time="0.001"/>
  <system-out/>
  <testcase classname="testNG.Thursday" name="Monday" time="0.001"/>
  <system-out/>
  <testcase classname="testNG.Thursday" name="eat" time="0.001"/>
  <system-out/>
  <testcase classname="testNG.Thursday" name="January">
    <skipped/>
  </testcase> <!-- January -->
  <system-out/>
</testsuite> <!-- testNG.Thursday -->
