<?xml version="1.0" encoding="UTF-8"?>
<!-- Generated by org.testng.reporters.JUnitReportReporter -->
<testsuite hostname="GBP-LT56" failures="0" tests="2" name="testNG.Launch_1" time="28.545" errors="0" timestamp="2024-03-21T12:06:57 IST" skipped="0">
  <testcase classname="testNG.Launch_1" name="gaurav" time="18.994"/>
  <system-out/>
  <testcase classname="testNG.Launch_1" name="new1" time="9.551"/>
  <system-out/>
</testsuite> <!-- testNG.Launch_1 -->
